0 info it worked if it ends with ok
1 verbose cli [ 'node', '/usr/local/bin/npm', 'install', 'request', 'cheerio' ]
2 info using npm@1.4.28
3 info using node@v0.10.33
4 verbose cache add [ 'request', null ]
5 verbose cache add name=undefined spec="request" args=["request",null]
6 verbose parsed url { protocol: null,
6 verbose parsed url   slashes: null,
6 verbose parsed url   auth: null,
6 verbose parsed url   host: null,
6 verbose parsed url   port: null,
6 verbose parsed url   hostname: null,
6 verbose parsed url   hash: null,
6 verbose parsed url   search: null,
6 verbose parsed url   query: null,
6 verbose parsed url   pathname: 'request',
6 verbose parsed url   path: 'request',
6 verbose parsed url   href: 'request' }
7 verbose cache add [ 'cheerio', null ]
8 verbose cache add name=undefined spec="cheerio" args=["cheerio",null]
9 verbose parsed url { protocol: null,
9 verbose parsed url   slashes: null,
9 verbose parsed url   auth: null,
9 verbose parsed url   host: null,
9 verbose parsed url   port: null,
9 verbose parsed url   hostname: null,
9 verbose parsed url   hash: null,
9 verbose parsed url   search: null,
9 verbose parsed url   query: null,
9 verbose parsed url   pathname: 'cheerio',
9 verbose parsed url   path: 'cheerio',
9 verbose parsed url   href: 'cheerio' }
10 silly lockFile 088e29b0-request request
11 verbose lock request /Users/tylersmith/.npm/088e29b0-request.lock
12 silly lockFile efb58830-cheerio cheerio
13 verbose lock cheerio /Users/tylersmith/.npm/efb58830-cheerio.lock
14 silly lockFile efb58830-cheerio cheerio
15 silly lockFile efb58830-cheerio cheerio
16 silly lockFile 088e29b0-request request
17 silly lockFile 088e29b0-request request
18 verbose addNamed [ 'cheerio', '' ]
19 verbose addNamed [ null, '*' ]
20 silly lockFile 8cd5cc09-cheerio cheerio@
21 verbose lock cheerio@ /Users/tylersmith/.npm/8cd5cc09-cheerio.lock
22 verbose addNamed [ 'request', '' ]
23 verbose addNamed [ null, '*' ]
24 silly lockFile 9d461bcf-request request@
25 verbose lock request@ /Users/tylersmith/.npm/9d461bcf-request.lock
26 silly addNameRange { name: 'cheerio', range: '*', hasData: false }
27 silly addNameRange { name: 'request', range: '*', hasData: false }
28 verbose request where is /cheerio
29 verbose request registry https://registry.npmjs.org/
30 verbose request id 5e20a98d69e1b06e
31 verbose url raw /cheerio
32 verbose url resolving [ 'https://registry.npmjs.org/', './cheerio' ]
33 verbose url resolved https://registry.npmjs.org/cheerio
34 verbose request where is https://registry.npmjs.org/cheerio
35 info trying registry request attempt 1 at 14:28:31
36 http GET https://registry.npmjs.org/cheerio
37 verbose request where is /request
38 verbose request registry https://registry.npmjs.org/
39 verbose url raw /request
40 verbose url resolving [ 'https://registry.npmjs.org/', './request' ]
41 verbose url resolved https://registry.npmjs.org/request
42 verbose request where is https://registry.npmjs.org/request
43 info trying registry request attempt 1 at 14:28:31
44 verbose etag "39A8WRC8KX4QJNB4DLJZ9P3CS"
45 http GET https://registry.npmjs.org/request
46 http 200 https://registry.npmjs.org/cheerio
47 silly registry.get cb [ 200,
47 silly registry.get   { date: 'Thu, 05 Feb 2015 19:28:31 GMT',
47 silly registry.get     server: 'CouchDB/1.5.0 (Erlang OTP/R16B03)',
47 silly registry.get     etag: '"57W09OUT0A25B9CQR4XBMFRX"',
47 silly registry.get     'content-type': 'application/json',
47 silly registry.get     'cache-control': 'max-age=60',
47 silly registry.get     'content-length': '90223',
47 silly registry.get     'accept-ranges': 'bytes',
47 silly registry.get     via: '1.1 varnish',
47 silly registry.get     age: '18',
47 silly registry.get     'x-served-by': 'cache-iad2135-IAD',
47 silly registry.get     'x-cache': 'HIT',
47 silly registry.get     'x-cache-hits': '1',
47 silly registry.get     'x-timer': 'S1423164511.743243,VS0,VE0',
47 silly registry.get     vary: 'Accept',
47 silly registry.get     'keep-alive': 'timeout=10, max=50',
47 silly registry.get     connection: 'Keep-Alive' } ]
48 silly addNameRange number 2 { name: 'cheerio', range: '*', hasData: true }
49 silly addNameRange versions [ 'cheerio',
49 silly addNameRange   [ '0.0.1',
49 silly addNameRange     '0.0.2',
49 silly addNameRange     '0.0.3',
49 silly addNameRange     '0.0.4',
49 silly addNameRange     '0.1.1',
49 silly addNameRange     '0.1.2',
49 silly addNameRange     '0.1.3',
49 silly addNameRange     '0.1.4',
49 silly addNameRange     '0.1.5',
49 silly addNameRange     '0.2.0',
49 silly addNameRange     '0.2.1',
49 silly addNameRange     '0.2.2',
49 silly addNameRange     '0.3.0',
49 silly addNameRange     '0.3.1',
49 silly addNameRange     '0.3.2',
49 silly addNameRange     '0.4.0',
49 silly addNameRange     '0.4.1',
49 silly addNameRange     '0.4.2',
49 silly addNameRange     '0.5.0',
49 silly addNameRange     '0.5.1',
49 silly addNameRange     '0.5.2',
49 silly addNameRange     '0.6.0',
49 silly addNameRange     '0.6.1',
49 silly addNameRange     '0.6.2',
49 silly addNameRange     '0.7.0',
49 silly addNameRange     '0.8.0',
49 silly addNameRange     '0.8.1',
49 silly addNameRange     '0.8.2',
49 silly addNameRange     '0.8.3',
49 silly addNameRange     '0.9.0',
49 silly addNameRange     '0.9.1',
49 silly addNameRange     '0.9.2',
49 silly addNameRange     '0.10.0',
49 silly addNameRange     '0.10.1',
49 silly addNameRange     '0.10.2',
49 silly addNameRange     '0.10.3',
49 silly addNameRange     '0.10.4',
49 silly addNameRange     '0.10.5',
49 silly addNameRange     '0.10.6',
49 silly addNameRange     '0.10.7',
49 silly addNameRange     '0.10.8',
49 silly addNameRange     '0.11.0',
49 silly addNameRange     '0.12.0',
49 silly addNameRange     '0.12.1',
49 silly addNameRange     '0.12.2',
49 silly addNameRange     '0.12.3',
49 silly addNameRange     '0.12.4',
49 silly addNameRange     '0.13.0',
49 silly addNameRange     '0.13.1',
49 silly addNameRange     '0.14.0',
49 silly addNameRange     '0.15.0',
49 silly addNameRange     '0.16.0',
49 silly addNameRange     '0.17.0',
49 silly addNameRange     '0.18.0' ] ]
50 verbose addNamed [ 'cheerio', '0.18.0' ]
51 verbose addNamed [ '0.18.0', '0.18.0' ]
52 silly lockFile 6b7368ff-cheerio-0-18-0 cheerio@0.18.0
53 verbose lock cheerio@0.18.0 /Users/tylersmith/.npm/6b7368ff-cheerio-0-18-0.lock
54 silly lockFile c76bcb48-s-org-cheerio-cheerio-0-18-0-tgz https://registry.npmjs.org/cheerio/-/cheerio-0.18.0.tgz
55 verbose lock https://registry.npmjs.org/cheerio/-/cheerio-0.18.0.tgz /Users/tylersmith/.npm/c76bcb48-s-org-cheerio-cheerio-0-18-0-tgz.lock
56 verbose addRemoteTarball [ 'https://registry.npmjs.org/cheerio/-/cheerio-0.18.0.tgz',
56 verbose addRemoteTarball   '4e1c06377e725b740e996e0dfec353863de677fa' ]
57 info retry fetch attempt 1 at 14:28:32
58 verbose fetch to= /var/folders/64/8_gx4zjj6dzdxx63sqpqdlm40000gn/T/npm-44650-rEWeNLLk/registry.npmjs.org/cheerio/-/cheerio-0.18.0.tgz
59 http GET https://registry.npmjs.org/cheerio/-/cheerio-0.18.0.tgz
60 http 200 https://registry.npmjs.org/request
61 silly registry.get cb [ 200,
61 silly registry.get   { date: 'Thu, 05 Feb 2015 19:28:31 GMT',
61 silly registry.get     server: 'CouchDB/1.5.0 (Erlang OTP/R16B03)',
61 silly registry.get     etag: '"7CSB88JFF9ES5FUTIO7EAYIWH"',
61 silly registry.get     'content-type': 'application/json',
61 silly registry.get     'cache-control': 'max-age=60',
61 silly registry.get     'content-length': '139884',
61 silly registry.get     'accept-ranges': 'bytes',
61 silly registry.get     via: '1.1 varnish',
61 silly registry.get     age: '1',
61 silly registry.get     'x-served-by': 'cache-iad2123-IAD',
61 silly registry.get     'x-cache': 'HIT',
61 silly registry.get     'x-cache-hits': '1',
61 silly registry.get     'x-timer': 'S1423164511.747720,VS0,VE1',
61 silly registry.get     vary: 'Accept',
61 silly registry.get     'keep-alive': 'timeout=10, max=50',
61 silly registry.get     connection: 'Keep-Alive' } ]
62 silly addNameRange number 2 { name: 'request', range: '*', hasData: true }
63 silly addNameRange versions [ 'request',
63 silly addNameRange   [ '0.10.0',
63 silly addNameRange     '0.8.3',
63 silly addNameRange     '0.9.0',
63 silly addNameRange     '0.9.1',
63 silly addNameRange     '0.9.5',
63 silly addNameRange     '1.0.0',
63 silly addNameRange     '1.1.0',
63 silly addNameRange     '1.1.1',
63 silly addNameRange     '1.2.0',
63 silly addNameRange     '1.9.0',
63 silly addNameRange     '1.9.1',
63 silly addNameRange     '1.9.2',
63 silly addNameRange     '1.9.3',
63 silly addNameRange     '1.9.5',
63 silly addNameRange     '1.9.7',
63 silly addNameRange     '1.9.8',
63 silly addNameRange     '1.9.9',
63 silly addNameRange     '2.0.0',
63 silly addNameRange     '2.0.1',
63 silly addNameRange     '2.0.2',
63 silly addNameRange     '2.0.3',
63 silly addNameRange     '2.0.4',
63 silly addNameRange     '2.0.5',
63 silly addNameRange     '2.1.0',
63 silly addNameRange     '2.1.1',
63 silly addNameRange     '2.2.0',
63 silly addNameRange     '2.2.5',
63 silly addNameRange     '2.2.6',
63 silly addNameRange     '2.2.9',
63 silly addNameRange     '2.9.0',
63 silly addNameRange     '2.9.1',
63 silly addNameRange     '2.9.2',
63 silly addNameRange     '2.9.3',
63 silly addNameRange     '2.9.100',
63 silly addNameRange     '2.9.150',
63 silly addNameRange     '2.9.151',
63 silly addNameRange     '2.9.152',
63 silly addNameRange     '2.9.153',
63 silly addNameRange     '2.9.200',
63 silly addNameRange     '2.9.201',
63 silly addNameRange     '2.9.202',
63 silly addNameRange     '2.9.203',
63 silly addNameRange     '2.10.0',
63 silly addNameRange     '2.11.0',
63 silly addNameRange     '2.11.1',
63 silly addNameRange     '2.11.2',
63 silly addNameRange     '2.11.3',
63 silly addNameRange     '2.11.4',
63 silly addNameRange     '2.12.0',
63 silly addNameRange     '2.14.0',
63 silly addNameRange     '2.16.0',
63 silly addNameRange     '2.16.2',
63 silly addNameRange     '2.16.4',
63 silly addNameRange     '2.16.6',
63 silly addNameRange     '2.18.0',
63 silly addNameRange     '2.19.0',
63 silly addNameRange     '2.20.0',
63 silly addNameRange     '2.21.0',
63 silly addNameRange     '2.22.0',
63 silly addNameRange     '2.23.0',
63 silly addNameRange     '2.24.0',
63 silly addNameRange     '2.25.0',
63 silly addNameRange     '2.26.0',
63 silly addNameRange     '2.27.0',
63 silly addNameRange     '2.28.0',
63 silly addNameRange     '2.29.0',
63 silly addNameRange     '2.30.0',
63 silly addNameRange     '2.31.0',
63 silly addNameRange     '2.32.0',
63 silly addNameRange     '2.33.0',
63 silly addNameRange     '2.34.0',
63 silly addNameRange     '2.35.0',
63 silly addNameRange     '2.36.0',
63 silly addNameRange     '2.37.0',
63 silly addNameRange     '2.38.0',
63 silly addNameRange     '2.39.0',
63 silly addNameRange     '2.40.0',
63 silly addNameRange     '2.41.0',
63 silly addNameRange     '2.42.0',
63 silly addNameRange     '2.43.0',
63 silly addNameRange     '2.44.0',
63 silly addNameRange     '2.45.0',
63 silly addNameRange     '2.46.0',
63 silly addNameRange     '2.47.0',
63 silly addNameRange     '2.48.0',
63 silly addNameRange     '2.49.0',
63 silly addNameRange     '2.50.0',
63 silly addNameRange     '2.51.0',
63 silly addNameRange     '2.52.0',
63 silly addNameRange     '2.53.0' ] ]
64 verbose addNamed [ 'request', '2.53.0' ]
65 verbose addNamed [ '2.53.0', '2.53.0' ]
66 silly lockFile aee8052e-request-2-53-0 request@2.53.0
67 verbose lock request@2.53.0 /Users/tylersmith/.npm/aee8052e-request-2-53-0.lock
68 silly lockFile ba72365e-s-org-request-request-2-53-0-tgz https://registry.npmjs.org/request/-/request-2.53.0.tgz
69 verbose lock https://registry.npmjs.org/request/-/request-2.53.0.tgz /Users/tylersmith/.npm/ba72365e-s-org-request-request-2-53-0-tgz.lock
70 verbose addRemoteTarball [ 'https://registry.npmjs.org/request/-/request-2.53.0.tgz',
70 verbose addRemoteTarball   '180a3ae92b7b639802e4f9545dd8fcdeb71d760c' ]
71 info retry fetch attempt 1 at 14:28:32
72 verbose fetch to= /var/folders/64/8_gx4zjj6dzdxx63sqpqdlm40000gn/T/npm-44650-rEWeNLLk/registry.npmjs.org/request/-/request-2.53.0.tgz
73 http GET https://registry.npmjs.org/request/-/request-2.53.0.tgz
74 http 200 https://registry.npmjs.org/cheerio/-/cheerio-0.18.0.tgz
75 http 200 https://registry.npmjs.org/request/-/request-2.53.0.tgz
76 silly lockFile c76bcb48-s-org-cheerio-cheerio-0-18-0-tgz https://registry.npmjs.org/cheerio/-/cheerio-0.18.0.tgz
77 silly lockFile c76bcb48-s-org-cheerio-cheerio-0-18-0-tgz https://registry.npmjs.org/cheerio/-/cheerio-0.18.0.tgz
78 silly lockFile 6b7368ff-cheerio-0-18-0 cheerio@0.18.0
79 silly lockFile 6b7368ff-cheerio-0-18-0 cheerio@0.18.0
80 silly lockFile 8cd5cc09-cheerio cheerio@
81 silly lockFile 8cd5cc09-cheerio cheerio@
82 silly lockFile ba72365e-s-org-request-request-2-53-0-tgz https://registry.npmjs.org/request/-/request-2.53.0.tgz
83 silly lockFile ba72365e-s-org-request-request-2-53-0-tgz https://registry.npmjs.org/request/-/request-2.53.0.tgz
84 silly lockFile aee8052e-request-2-53-0 request@2.53.0
85 silly lockFile aee8052e-request-2-53-0 request@2.53.0
86 silly lockFile 9d461bcf-request request@
87 silly lockFile 9d461bcf-request request@
88 error Error: EACCES, mkdir '/Users/tylersmith/.npm/request/2.53.0'
88 error  { [Error: EACCES, mkdir '/Users/tylersmith/.npm/request/2.53.0']
88 error   errno: 3,
88 error   code: 'EACCES',
88 error   path: '/Users/tylersmith/.npm/request/2.53.0' }
89 error Please try running this command again as root/Administrator.
90 error System Darwin 14.0.0
91 error command "node" "/usr/local/bin/npm" "install" "request" "cheerio"
92 error cwd /Users/tylersmith/Documents/Apps/scrapesite/Extras/node
93 error node -v v0.10.33
94 error npm -v 1.4.28
95 error path /Users/tylersmith/.npm/request/2.53.0
96 error code EACCES
97 error errno 3
98 error stack Error: EACCES, mkdir '/Users/tylersmith/.npm/request/2.53.0'
99 verbose exit [ 3, true ]
